{
  "stats": {
    "suites": 1,
    "tests": 1,
    "passes": 1,
    "pending": 0,
    "failures": 0,
    "start": "2020-10-09T07:05:00.168Z",
    "end": "2020-10-09T07:05:01.156Z",
    "duration": 988,
    "testsRegistered": 1,
    "passPercent": 100,
    "pendingPercent": 0,
    "other": 0,
    "hasOther": false,
    "skipped": 0,
    "hasSkipped": false
  },
  "results": [
    {
      "uuid": "f0b7da07-0c41-49f2-a577-5923839c3a19",
      "title": "",
      "fullFile": "cypress\\integration\\examples\\Cypress_API_Demo\\Verify_POST_Operation.js",
      "file": "cypress\\integration\\examples\\Cypress_API_Demo\\Verify_POST_Operation.js",
      "beforeHooks": [],
      "afterHooks": [],
      "tests": [],
      "suites": [
        {
          "uuid": "4185683b-23cb-49d1-ab9b-d9a406ed63c6",
          "title": "POST- Service Example",
          "fullFile": "",
          "file": "",
          "beforeHooks": [],
          "afterHooks": [],
          "tests": [
            {
              "title": "POST - an Employee records",
              "fullTitle": "POST- Service Example POST - an Employee records",
              "timedOut": null,
              "duration": 876,
              "state": "passed",
              "speed": "slow",
              "pass": true,
              "fail": false,
              "pending": false,
              "context": null,
              "code": "var item = {\n  \"name\": \"Abhi\",\n  \"job\": \"TestLead\"\n};\ncy.request('POST', '/users', item).then(function (response) {\n  expect(response).to.have.property('status', 201);\n  expect(response.body).to.not.be[\"null\"];\n  expect(response.body).to.include({\n    name: 'Abhi'\n  });\n});",
              "err": {},
              "uuid": "08372045-9682-454c-bb94-b3720759bb43",
              "parentUUID": "4185683b-23cb-49d1-ab9b-d9a406ed63c6",
              "isHook": false,
              "skipped": false
            }
          ],
          "suites": [],
          "passes": [
            "08372045-9682-454c-bb94-b3720759bb43"
          ],
          "failures": [],
          "pending": [],
          "skipped": [],
          "duration": 876,
          "root": false,
          "rootEmpty": false,
          "_timeout": 2000
        }
      ],
      "passes": [],
      "failures": [],
      "pending": [],
      "skipped": [],
      "duration": 0,
      "root": true,
      "rootEmpty": true,
      "_timeout": 2000
    }
  ],
  "meta": {
    "mocha": {
      "version": "7.0.1"
    },
    "mochawesome": {
      "options": {
        "quiet": false,
        "reportFilename": "mochawesome",
        "saveHtml": true,
        "saveJson": true,
        "consoleReporter": "spec",
        "useInlineDiffs": false,
        "code": true
      },
      "version": "6.1.1"
    },
    "marge": {
      "options": {
        "reportDir": "cypress/report/mochawesome-report",
        "overwrite": false,
        "html": true,
        "json": true,
        "timestamp": "mmddyyyy_HHMMss"
      },
      "version": "5.1.0"
    }
  }
}