{
  "stats": {
    "suites": 1,
    "tests": 1,
    "passes": 1,
    "pending": 0,
    "failures": 0,
    "start": "2020-10-09T07:05:07.582Z",
    "end": "2020-10-09T07:05:08.866Z",
    "duration": 1284,
    "testsRegistered": 1,
    "passPercent": 100,
    "pendingPercent": 0,
    "other": 0,
    "hasOther": false,
    "skipped": 0,
    "hasSkipped": false
  },
  "results": [
    {
      "uuid": "238802b8-20ea-436d-a7d1-4f15f1bd249a",
      "title": "",
      "fullFile": "cypress\\integration\\examples\\Cypress_API_Demo\\Verify_UPDATE(PUT)_Operation.js",
      "file": "cypress\\integration\\examples\\Cypress_API_Demo\\Verify_UPDATE(PUT)_Operation.js",
      "beforeHooks": [],
      "afterHooks": [],
      "tests": [],
      "suites": [
        {
          "uuid": "19bd545d-4005-4ddb-a5e4-00c35357a985",
          "title": "PUT- Service Example",
          "fullFile": "",
          "file": "",
          "beforeHooks": [],
          "afterHooks": [],
          "tests": [
            {
              "title": "PUT - an Employee records",
              "fullTitle": "PUT- Service Example PUT - an Employee records",
              "timedOut": null,
              "duration": 1060,
              "state": "passed",
              "speed": "slow",
              "pass": true,
              "fail": false,
              "pending": false,
              "context": null,
              "code": "var item = {\n  \"name\": \"Kumar\"\n};\ncy.request('PUT', '/users/2', item).then(function (response) {\n  expect(response).to.have.property('status', 200);\n  expect(response.body).to.not.be[\"null\"];\n  expect(response.body).to.include({\n    name: 'Kumar'\n  });\n});",
              "err": {},
              "uuid": "e2f3fcf7-575d-41e3-b321-b7019eada96f",
              "parentUUID": "19bd545d-4005-4ddb-a5e4-00c35357a985",
              "isHook": false,
              "skipped": false
            }
          ],
          "suites": [],
          "passes": [
            "e2f3fcf7-575d-41e3-b321-b7019eada96f"
          ],
          "failures": [],
          "pending": [],
          "skipped": [],
          "duration": 1060,
          "root": false,
          "rootEmpty": false,
          "_timeout": 2000
        }
      ],
      "passes": [],
      "failures": [],
      "pending": [],
      "skipped": [],
      "duration": 0,
      "root": true,
      "rootEmpty": true,
      "_timeout": 2000
    }
  ],
  "meta": {
    "mocha": {
      "version": "7.0.1"
    },
    "mochawesome": {
      "options": {
        "quiet": false,
        "reportFilename": "mochawesome",
        "saveHtml": true,
        "saveJson": true,
        "consoleReporter": "spec",
        "useInlineDiffs": false,
        "code": true
      },
      "version": "6.1.1"
    },
    "marge": {
      "options": {
        "reportDir": "cypress/report/mochawesome-report",
        "overwrite": false,
        "html": true,
        "json": true,
        "timestamp": "mmddyyyy_HHMMss"
      },
      "version": "5.1.0"
    }
  }
}