{
  "stats": {
    "suites": 1,
    "tests": 1,
    "passes": 1,
    "pending": 0,
    "failures": 0,
    "start": "2020-10-09T07:04:05.929Z",
    "end": "2020-10-09T07:04:06.885Z",
    "duration": 956,
    "testsRegistered": 1,
    "passPercent": 100,
    "pendingPercent": 0,
    "other": 0,
    "hasOther": false,
    "skipped": 0,
    "hasSkipped": false
  },
  "results": [
    {
      "uuid": "3b6e5d43-45b7-40aa-b0b9-c50c781e36fd",
      "title": "",
      "fullFile": "cypress\\integration\\examples\\Cypress_API_Demo\\Basic_API_Verify_ResponseCode.js",
      "file": "cypress\\integration\\examples\\Cypress_API_Demo\\Basic_API_Verify_ResponseCode.js",
      "beforeHooks": [],
      "afterHooks": [],
      "tests": [],
      "suites": [
        {
          "uuid": "5842558b-8a01-421b-ade8-7bc4200994fa",
          "title": "GET Service Example",
          "fullFile": "",
          "file": "",
          "beforeHooks": [],
          "afterHooks": [],
          "tests": [
            {
              "title": "Status Code and Header Validation",
              "fullTitle": "GET Service Example Status Code and Header Validation",
              "timedOut": null,
              "duration": 855,
              "state": "passed",
              "speed": "slow",
              "pass": true,
              "fail": false,
              "pending": false,
              "context": null,
              "code": "cy.request(\"https://jsonplaceholder.typicode.com/posts/\").as('res').its('status').should('equal', 200);",
              "err": {},
              "uuid": "8127db94-f9a2-4037-9dca-f9141565ede1",
              "parentUUID": "5842558b-8a01-421b-ade8-7bc4200994fa",
              "isHook": false,
              "skipped": false
            }
          ],
          "suites": [],
          "passes": [
            "8127db94-f9a2-4037-9dca-f9141565ede1"
          ],
          "failures": [],
          "pending": [],
          "skipped": [],
          "duration": 855,
          "root": false,
          "rootEmpty": false,
          "_timeout": 2000
        }
      ],
      "passes": [],
      "failures": [],
      "pending": [],
      "skipped": [],
      "duration": 0,
      "root": true,
      "rootEmpty": true,
      "_timeout": 2000
    }
  ],
  "meta": {
    "mocha": {
      "version": "7.0.1"
    },
    "mochawesome": {
      "options": {
        "quiet": false,
        "reportFilename": "mochawesome",
        "saveHtml": true,
        "saveJson": true,
        "consoleReporter": "spec",
        "useInlineDiffs": false,
        "code": true
      },
      "version": "6.1.1"
    },
    "marge": {
      "options": {
        "reportDir": "cypress/report/mochawesome-report",
        "overwrite": false,
        "html": true,
        "json": true,
        "timestamp": "mmddyyyy_HHMMss"
      },
      "version": "5.1.0"
    }
  }
}