{
  "stats": {
    "suites": 1,
    "tests": 1,
    "passes": 1,
    "pending": 0,
    "failures": 0,
    "start": "2020-10-09T07:04:32.112Z",
    "end": "2020-10-09T07:04:33.684Z",
    "duration": 1572,
    "testsRegistered": 1,
    "passPercent": 100,
    "pendingPercent": 0,
    "other": 0,
    "hasOther": false,
    "skipped": 0,
    "hasSkipped": false
  },
  "results": [
    {
      "uuid": "6260be76-ae0d-4790-8233-66fa0c4c3cb0",
      "title": "",
      "fullFile": "cypress\\integration\\examples\\Cypress_API_Demo\\Verify_DELETE_Operation.js",
      "file": "cypress\\integration\\examples\\Cypress_API_Demo\\Verify_DELETE_Operation.js",
      "beforeHooks": [],
      "afterHooks": [],
      "tests": [],
      "suites": [
        {
          "uuid": "ec58f937-396d-445b-b74b-6c8e5d9cfa66",
          "title": "DELETE Service Example",
          "fullFile": "",
          "file": "",
          "beforeHooks": [],
          "afterHooks": [],
          "tests": [
            {
              "title": "DELETE - an Employee records",
              "fullTitle": "DELETE Service Example DELETE - an Employee records",
              "timedOut": null,
              "duration": 1449,
              "state": "passed",
              "speed": "slow",
              "pass": true,
              "fail": false,
              "pending": false,
              "context": null,
              "code": "cy.request('DELETE', 'https://reqres.in/api/users').its('status').should('eq', 204);",
              "err": {},
              "uuid": "c7a60215-bb54-47e1-9964-be00d893a641",
              "parentUUID": "ec58f937-396d-445b-b74b-6c8e5d9cfa66",
              "isHook": false,
              "skipped": false
            }
          ],
          "suites": [],
          "passes": [
            "c7a60215-bb54-47e1-9964-be00d893a641"
          ],
          "failures": [],
          "pending": [],
          "skipped": [],
          "duration": 1449,
          "root": false,
          "rootEmpty": false,
          "_timeout": 2000
        }
      ],
      "passes": [],
      "failures": [],
      "pending": [],
      "skipped": [],
      "duration": 0,
      "root": true,
      "rootEmpty": true,
      "_timeout": 2000
    }
  ],
  "meta": {
    "mocha": {
      "version": "7.0.1"
    },
    "mochawesome": {
      "options": {
        "quiet": false,
        "reportFilename": "mochawesome",
        "saveHtml": true,
        "saveJson": true,
        "consoleReporter": "spec",
        "useInlineDiffs": false,
        "code": true
      },
      "version": "6.1.1"
    },
    "marge": {
      "options": {
        "reportDir": "cypress/report/mochawesome-report",
        "overwrite": false,
        "html": true,
        "json": true,
        "timestamp": "mmddyyyy_HHMMss"
      },
      "version": "5.1.0"
    }
  }
}